<?xml version="1.0" encoding="UTF-8"?>
<testng-results skipped="0" failed="2" ignored="0" total="8" passed="6">
  <reporter-output>
  </reporter-output>
  <suite name="Default suite" duration-ms="22092" started-at="2018-07-16T06:15:14Z" finished-at="2018-07-16T06:15:37Z">
    <groups>
    </groups>
    <test name="Default test" duration-ms="22092" started-at="2018-07-16T06:15:14Z" finished-at="2018-07-16T06:15:37Z">
      <class name="tests.CoursewareEBK_ParentISBN">
        <test-method status="PASS" signature="init_vars()[pri:0, instance:tests.CoursewareEBK_ParentISBN@12c8a2c0]" name="init_vars" is-config="true" duration-ms="2153" started-at="2018-07-16T06:15:15Z" finished-at="2018-07-16T06:15:17Z">
          <reporter-output>
          </reporter-output>
        </test-method> <!-- init_vars -->
        <test-method status="FAIL" signature="Test01EBKParentISNB([Ljava.lang.Object;)[pri:0, instance:tests.CoursewareEBK_ParentISBN@12c8a2c0]" name="Test01EBKParentISNB" duration-ms="4897" started-at="2018-07-16T06:15:17Z" data-provider="Authentication" finished-at="2018-07-16T06:15:22Z">
          <params>
            <param index="0">
              <value>
                <![CDATA[[Ljava.lang.Object;@533b266e]]>
              </value>
            </param>
          </params>
          <exception class="java.lang.NullPointerException">
            <full-stacktrace>
              <![CDATA[java.lang.NullPointerException
at tests.CoursewareEBK_ParentISBN.Test01EBKParentISNB(CoursewareEBK_ParentISBN.java:83)
at sun.reflect.NativeMethodAccessorImpl.invoke0(Native Method)
at sun.reflect.NativeMethodAccessorImpl.invoke(NativeMethodAccessorImpl.java:62)
at sun.reflect.DelegatingMethodAccessorImpl.invoke(DelegatingMethodAccessorImpl.java:43)
at java.lang.reflect.Method.invoke(Method.java:498)
at org.testng.internal.MethodInvocationHelper.invokeMethod(MethodInvocationHelper.java:124)
at org.testng.internal.Invoker.invokeMethod(Invoker.java:583)
at org.testng.internal.Invoker.invokeTestMethod(Invoker.java:719)
at org.testng.internal.Invoker.invokeTestMethods(Invoker.java:989)
at org.testng.internal.TestMethodWorker.invokeTestMethods(TestMethodWorker.java:125)
at org.testng.internal.TestMethodWorker.run(TestMethodWorker.java:109)
at org.testng.TestRunner.privateRun(TestRunner.java:648)
at org.testng.TestRunner.run(TestRunner.java:505)
at org.testng.SuiteRunner.runTest(SuiteRunner.java:455)
at org.testng.SuiteRunner.runSequentially(SuiteRunner.java:450)
at org.testng.SuiteRunner.privateRun(SuiteRunner.java:415)
at org.testng.SuiteRunner.run(SuiteRunner.java:364)
at org.testng.SuiteRunnerWorker.runSuite(SuiteRunnerWorker.java:52)
at org.testng.SuiteRunnerWorker.run(SuiteRunnerWorker.java:84)
at org.testng.TestNG.runSuitesSequentially(TestNG.java:1208)
at org.testng.TestNG.runSuitesLocally(TestNG.java:1137)
at org.testng.TestNG.runSuites(TestNG.java:1049)
at org.testng.TestNG.run(TestNG.java:1017)
at org.testng.remote.AbstractRemoteTestNG.run(AbstractRemoteTestNG.java:114)
at org.testng.remote.RemoteTestNG.initAndRun(RemoteTestNG.java:251)
at org.testng.remote.RemoteTestNG.main(RemoteTestNG.java:77)
]]>
            </full-stacktrace>
          </exception> <!-- java.lang.NullPointerException -->
          <reporter-output>
          </reporter-output>
        </test-method> <!-- Test01EBKParentISNB -->
        <test-method status="PASS" signature="Test01EBKParentISNB([Ljava.lang.Object;)[pri:0, instance:tests.CoursewareEBK_ParentISBN@12c8a2c0]" name="Test01EBKParentISNB" duration-ms="2125" started-at="2018-07-16T06:15:22Z" data-provider="Authentication" finished-at="2018-07-16T06:15:24Z">
          <params>
            <param index="0">
              <value>
                <![CDATA[[Ljava.lang.Object;@62679465]]>
              </value>
            </param>
          </params>
          <reporter-output>
          </reporter-output>
        </test-method> <!-- Test01EBKParentISNB -->
        <test-method status="PASS" signature="Test01EBKParentISNB([Ljava.lang.Object;)[pri:0, instance:tests.CoursewareEBK_ParentISBN@12c8a2c0]" name="Test01EBKParentISNB" duration-ms="2608" started-at="2018-07-16T06:15:24Z" data-provider="Authentication" finished-at="2018-07-16T06:15:27Z">
          <params>
            <param index="0">
              <value>
                <![CDATA[[Ljava.lang.Object;@6a988392]]>
              </value>
            </param>
          </params>
          <reporter-output>
          </reporter-output>
        </test-method> <!-- Test01EBKParentISNB -->
        <test-method status="PASS" signature="Test01EBKParentISNB([Ljava.lang.Object;)[pri:0, instance:tests.CoursewareEBK_ParentISBN@12c8a2c0]" name="Test01EBKParentISNB" duration-ms="1570" started-at="2018-07-16T06:15:27Z" data-provider="Authentication" finished-at="2018-07-16T06:15:29Z">
          <params>
            <param index="0">
              <value>
                <![CDATA[[Ljava.lang.Object;@1d71006f]]>
              </value>
            </param>
          </params>
          <reporter-output>
          </reporter-output>
        </test-method> <!-- Test01EBKParentISNB -->
        <test-method status="FAIL" signature="Test01EBKParentISNB([Ljava.lang.Object;)[pri:0, instance:tests.CoursewareEBK_ParentISBN@12c8a2c0]" name="Test01EBKParentISNB" duration-ms="1617" started-at="2018-07-16T06:15:29Z" data-provider="Authentication" finished-at="2018-07-16T06:15:30Z">
          <params>
            <param index="0">
              <value>
                <![CDATA[[Ljava.lang.Object;@6865c751]]>
              </value>
            </param>
          </params>
          <exception class="java.lang.NullPointerException">
            <full-stacktrace>
              <![CDATA[java.lang.NullPointerException
at tests.CoursewareEBK_ParentISBN.Test01EBKParentISNB(CoursewareEBK_ParentISBN.java:83)
at sun.reflect.NativeMethodAccessorImpl.invoke0(Native Method)
at sun.reflect.NativeMethodAccessorImpl.invoke(NativeMethodAccessorImpl.java:62)
at sun.reflect.DelegatingMethodAccessorImpl.invoke(DelegatingMethodAccessorImpl.java:43)
at java.lang.reflect.Method.invoke(Method.java:498)
at org.testng.internal.MethodInvocationHelper.invokeMethod(MethodInvocationHelper.java:124)
at org.testng.internal.Invoker.invokeMethod(Invoker.java:583)
at org.testng.internal.Invoker.invokeTestMethod(Invoker.java:719)
at org.testng.internal.Invoker.invokeTestMethods(Invoker.java:989)
at org.testng.internal.TestMethodWorker.invokeTestMethods(TestMethodWorker.java:125)
at org.testng.internal.TestMethodWorker.run(TestMethodWorker.java:109)
at org.testng.TestRunner.privateRun(TestRunner.java:648)
at org.testng.TestRunner.run(TestRunner.java:505)
at org.testng.SuiteRunner.runTest(SuiteRunner.java:455)
at org.testng.SuiteRunner.runSequentially(SuiteRunner.java:450)
at org.testng.SuiteRunner.privateRun(SuiteRunner.java:415)
at org.testng.SuiteRunner.run(SuiteRunner.java:364)
at org.testng.SuiteRunnerWorker.runSuite(SuiteRunnerWorker.java:52)
at org.testng.SuiteRunnerWorker.run(SuiteRunnerWorker.java:84)
at org.testng.TestNG.runSuitesSequentially(TestNG.java:1208)
at org.testng.TestNG.runSuitesLocally(TestNG.java:1137)
at org.testng.TestNG.runSuites(TestNG.java:1049)
at org.testng.TestNG.run(TestNG.java:1017)
at org.testng.remote.AbstractRemoteTestNG.run(AbstractRemoteTestNG.java:114)
at org.testng.remote.RemoteTestNG.initAndRun(RemoteTestNG.java:251)
at org.testng.remote.RemoteTestNG.main(RemoteTestNG.java:77)
]]>
            </full-stacktrace>
          </exception> <!-- java.lang.NullPointerException -->
          <reporter-output>
          </reporter-output>
        </test-method> <!-- Test01EBKParentISNB -->
        <test-method status="PASS" signature="Test01EBKParentISNB([Ljava.lang.Object;)[pri:0, instance:tests.CoursewareEBK_ParentISBN@12c8a2c0]" name="Test01EBKParentISNB" duration-ms="1631" started-at="2018-07-16T06:15:30Z" data-provider="Authentication" finished-at="2018-07-16T06:15:32Z">
          <params>
            <param index="0">
              <value>
                <![CDATA[[Ljava.lang.Object;@5b6813df]]>
              </value>
            </param>
          </params>
          <reporter-output>
          </reporter-output>
        </test-method> <!-- Test01EBKParentISNB -->
        <test-method status="PASS" signature="Test01EBKParentISNB([Ljava.lang.Object;)[pri:0, instance:tests.CoursewareEBK_ParentISBN@12c8a2c0]" name="Test01EBKParentISNB" duration-ms="1619" started-at="2018-07-16T06:15:32Z" data-provider="Authentication" finished-at="2018-07-16T06:15:34Z">
          <params>
            <param index="0">
              <value>
                <![CDATA[[Ljava.lang.Object;@5f2606b]]>
              </value>
            </param>
          </params>
          <reporter-output>
          </reporter-output>
        </test-method> <!-- Test01EBKParentISNB -->
        <test-method status="PASS" signature="Test01EBKParentISNB([Ljava.lang.Object;)[pri:0, instance:tests.CoursewareEBK_ParentISBN@12c8a2c0]" name="Test01EBKParentISNB" duration-ms="2935" started-at="2018-07-16T06:15:34Z" data-provider="Authentication" finished-at="2018-07-16T06:15:37Z">
          <params>
            <param index="0">
              <value>
                <![CDATA[[Ljava.lang.Object;@2b58f754]]>
              </value>
            </param>
          </params>
          <reporter-output>
          </reporter-output>
        </test-method> <!-- Test01EBKParentISNB -->
      </class> <!-- tests.CoursewareEBK_ParentISBN -->
    </test> <!-- Default test -->
  </suite> <!-- Default suite -->
</testng-results>
